<?xml version="1.0" encoding="UTF-8"?>
<testng-results skipped="2" failed="1" ignored="0" total="9" passed="6">
  <reporter-output>
  </reporter-output>
  <suite name="Default suite" duration-ms="51148" started-at="2021-06-04T06:08:41Z" finished-at="2021-06-04T06:09:32Z">
    <groups>
    </groups>
    <test name="Default test" duration-ms="51148" started-at="2021-06-04T06:08:41Z" finished-at="2021-06-04T06:09:32Z">
      <class name="pf.com.qa.testcases.LoginPageTest">
        <test-method status="PASS" signature="setUp()[pri:0, instance:pf.com.qa.testcases.LoginPageTest@57baeedf]" name="setUp" is-config="true" duration-ms="5176" started-at="2021-06-03T23:08:41Z" finished-at="2021-06-03T23:08:46Z">
          <reporter-output>
          </reporter-output>
        </test-method> <!-- setUp -->
        <test-method status="FAIL" signature="alertverify()[pri:0, instance:pf.com.qa.testcases.LoginPageTest@57baeedf]" name="alertverify" duration-ms="10043" started-at="2021-06-03T23:08:46Z" finished-at="2021-06-03T23:08:56Z">
          <exception class="org.openqa.selenium.NoSuchElementException">
            <message>
              <![CDATA[Unable to locate element: //div[@class='alert alert-danger']/ol/li
For documentation on this error, please visit: https://www.seleniumhq.org/exceptions/no_such_element.html
Build info: version: '3.141.59', revision: 'e82be7d358', time: '2018-11-14T08:17:03'
System info: host: 'LAPTOP-8UTOJL72', ip: '192.168.0.46', os.name: 'Windows 10', os.arch: 'amd64', os.version: '10.0', java.version: '1.8.0_281'
Driver info: org.openqa.selenium.firefox.FirefoxDriver
Capabilities {acceptInsecureCerts: true, browserName: firefox, browserVersion: 89.0, javascriptEnabled: true, moz:accessibilityChecks: false, moz:buildID: 20210527174632, moz:geckodriverVersion: 0.29.0, moz:headless: false, moz:processID: 56300, moz:profile: C:\Users\kinja\AppData\Loca..., moz:shutdownTimeout: 60000, moz:useNonSpecCompliantPointerOrigin: false, moz:webdriverClick: true, pageLoadStrategy: normal, platform: WINDOWS, platformName: WINDOWS, platformVersion: 10.0, setWindowRect: true, strictFileInteractability: false, timeouts: {implicit: 0, pageLoad: 300000, script: 30000}, unhandledPromptBehavior: dismiss and notify}
Session ID: 464fe2fe-c4b7-4d5c-b543-bf9445b88d0f
*** Element info: {Using=xpath, value=//div[@class='alert alert-danger']/ol/li}]]>
            </message>
            <full-stacktrace>
              <![CDATA[org.openqa.selenium.NoSuchElementException: Unable to locate element: //div[@class='alert alert-danger']/ol/li
For documentation on this error, please visit: https://www.seleniumhq.org/exceptions/no_such_element.html
Build info: version: '3.141.59', revision: 'e82be7d358', time: '2018-11-14T08:17:03'
System info: host: 'LAPTOP-8UTOJL72', ip: '192.168.0.46', os.name: 'Windows 10', os.arch: 'amd64', os.version: '10.0', java.version: '1.8.0_281'
Driver info: org.openqa.selenium.firefox.FirefoxDriver
Capabilities {acceptInsecureCerts: true, browserName: firefox, browserVersion: 89.0, javascriptEnabled: true, moz:accessibilityChecks: false, moz:buildID: 20210527174632, moz:geckodriverVersion: 0.29.0, moz:headless: false, moz:processID: 56300, moz:profile: C:\Users\kinja\AppData\Loca..., moz:shutdownTimeout: 60000, moz:useNonSpecCompliantPointerOrigin: false, moz:webdriverClick: true, pageLoadStrategy: normal, platform: WINDOWS, platformName: WINDOWS, platformVersion: 10.0, setWindowRect: true, strictFileInteractability: false, timeouts: {implicit: 0, pageLoad: 300000, script: 30000}, unhandledPromptBehavior: dismiss and notify}
Session ID: 464fe2fe-c4b7-4d5c-b543-bf9445b88d0f
*** Element info: {Using=xpath, value=//div[@class='alert alert-danger']/ol/li}
	at sun.reflect.NativeConstructorAccessorImpl.newInstance0(Native Method)
	at sun.reflect.NativeConstructorAccessorImpl.newInstance(Unknown Source)
	at sun.reflect.DelegatingConstructorAccessorImpl.newInstance(Unknown Source)
	at java.lang.reflect.Constructor.newInstance(Unknown Source)
	at org.openqa.selenium.remote.http.W3CHttpResponseCodec.createException(W3CHttpResponseCodec.java:187)
	at org.openqa.selenium.remote.http.W3CHttpResponseCodec.decode(W3CHttpResponseCodec.java:122)
	at org.openqa.selenium.remote.http.W3CHttpResponseCodec.decode(W3CHttpResponseCodec.java:49)
	at org.openqa.selenium.remote.HttpCommandExecutor.execute(HttpCommandExecutor.java:158)
	at org.openqa.selenium.remote.service.DriverCommandExecutor.execute(DriverCommandExecutor.java:83)
	at org.openqa.selenium.remote.RemoteWebDriver.execute(RemoteWebDriver.java:552)
	at org.openqa.selenium.remote.RemoteWebDriver.findElement(RemoteWebDriver.java:323)
	at org.openqa.selenium.remote.RemoteWebDriver.findElementByXPath(RemoteWebDriver.java:428)
	at org.openqa.selenium.By$ByXPath.findElement(By.java:353)
	at org.openqa.selenium.remote.RemoteWebDriver.findElement(RemoteWebDriver.java:315)
	at org.openqa.selenium.support.pagefactory.DefaultElementLocator.findElement(DefaultElementLocator.java:69)
	at org.openqa.selenium.support.pagefactory.internal.LocatingElementHandler.invoke(LocatingElementHandler.java:38)
	at com.sun.proxy.$Proxy10.getText(Unknown Source)
	at pf.com.qa.pages.LoginPage.alermsg(LoginPage.java:80)
	at pf.com.qa.testcases.LoginPageTest.alertverify(LoginPageTest.java:77)
	at sun.reflect.NativeMethodAccessorImpl.invoke0(Native Method)
	at sun.reflect.NativeMethodAccessorImpl.invoke(Unknown Source)
	at sun.reflect.DelegatingMethodAccessorImpl.invoke(Unknown Source)
	at java.lang.reflect.Method.invoke(Unknown Source)
	at org.testng.internal.MethodInvocationHelper.invokeMethod(MethodInvocationHelper.java:108)
	at org.testng.internal.Invoker.invokeMethod(Invoker.java:661)
	at org.testng.internal.Invoker.invokeTestMethod(Invoker.java:869)
	at org.testng.internal.Invoker.invokeTestMethods(Invoker.java:1193)
	at org.testng.internal.TestMethodWorker.invokeTestMethods(TestMethodWorker.java:126)
	at org.testng.internal.TestMethodWorker.run(TestMethodWorker.java:109)
	at org.testng.TestRunner.privateRun(TestRunner.java:744)
	at org.testng.TestRunner.run(TestRunner.java:602)
	at org.testng.SuiteRunner.runTest(SuiteRunner.java:380)
	at org.testng.SuiteRunner.runSequentially(SuiteRunner.java:375)
	at org.testng.SuiteRunner.privateRun(SuiteRunner.java:340)
	at org.testng.SuiteRunner.run(SuiteRunner.java:289)
	at org.testng.SuiteRunnerWorker.runSuite(SuiteRunnerWorker.java:52)
	at org.testng.SuiteRunnerWorker.run(SuiteRunnerWorker.java:86)
	at org.testng.TestNG.runSuitesSequentially(TestNG.java:1301)
	at org.testng.TestNG.runSuitesLocally(TestNG.java:1226)
	at org.testng.TestNG.runSuites(TestNG.java:1144)
	at org.testng.TestNG.run(TestNG.java:1115)
	at org.testng.remote.AbstractRemoteTestNG.run(AbstractRemoteTestNG.java:132)
	at org.testng.remote.RemoteTestNG.initAndRun(RemoteTestNG.java:230)
	at org.testng.remote.RemoteTestNG.main(RemoteTestNG.java:76)
]]>
            </full-stacktrace>
          </exception> <!-- org.openqa.selenium.NoSuchElementException -->
          <reporter-output>
          </reporter-output>
        </test-method> <!-- alertverify -->
        <test-method status="PASS" signature="tearDown()[pri:0, instance:pf.com.qa.testcases.LoginPageTest@57baeedf]" name="tearDown" is-config="true" duration-ms="583" started-at="2021-06-03T23:08:56Z" finished-at="2021-06-03T23:08:57Z">
          <reporter-output>
          </reporter-output>
        </test-method> <!-- tearDown -->
        <test-method status="PASS" signature="setUp()[pri:0, instance:pf.com.qa.testcases.LoginPageTest@57baeedf]" name="setUp" is-config="true" duration-ms="4255" started-at="2021-06-03T23:08:57Z" finished-at="2021-06-03T23:09:01Z">
          <reporter-output>
          </reporter-output>
        </test-method> <!-- setUp -->
        <test-method status="PASS" signature="emailboxverifytest()[pri:0, instance:pf.com.qa.testcases.LoginPageTest@57baeedf]" name="emailboxverifytest" duration-ms="70" started-at="2021-06-03T23:09:01Z" finished-at="2021-06-03T23:09:01Z">
          <reporter-output>
          </reporter-output>
        </test-method> <!-- emailboxverifytest -->
        <test-method status="PASS" signature="tearDown()[pri:0, instance:pf.com.qa.testcases.LoginPageTest@57baeedf]" name="tearDown" is-config="true" duration-ms="634" started-at="2021-06-03T23:09:01Z" finished-at="2021-06-03T23:09:02Z">
          <reporter-output>
          </reporter-output>
        </test-method> <!-- tearDown -->
        <test-method status="PASS" signature="setUp()[pri:0, instance:pf.com.qa.testcases.LoginPageTest@57baeedf]" name="setUp" is-config="true" duration-ms="4855" started-at="2021-06-03T23:09:02Z" finished-at="2021-06-03T23:09:07Z">
          <reporter-output>
          </reporter-output>
        </test-method> <!-- setUp -->
        <test-method status="PASS" signature="forgotpwdlinkTest()[pri:0, instance:pf.com.qa.testcases.LoginPageTest@57baeedf]" name="forgotpwdlinkTest" duration-ms="61" started-at="2021-06-03T23:09:07Z" finished-at="2021-06-03T23:09:07Z">
          <reporter-output>
          </reporter-output>
        </test-method> <!-- forgotpwdlinkTest -->
        <test-method status="PASS" signature="tearDown()[pri:0, instance:pf.com.qa.testcases.LoginPageTest@57baeedf]" name="tearDown" is-config="true" duration-ms="562" started-at="2021-06-03T23:09:07Z" finished-at="2021-06-03T23:09:07Z">
          <reporter-output>
          </reporter-output>
        </test-method> <!-- tearDown -->
        <test-method status="PASS" signature="setUp()[pri:0, instance:pf.com.qa.testcases.LoginPageTest@57baeedf]" name="setUp" is-config="true" duration-ms="4830" started-at="2021-06-03T23:09:07Z" finished-at="2021-06-03T23:09:12Z">
          <reporter-output>
          </reporter-output>
        </test-method> <!-- setUp -->
        <test-method status="SKIP" signature="loginTest(java.lang.String, java.lang.String)[pri:0, instance:pf.com.qa.testcases.LoginPageTest@57baeedf]" name="loginTest" duration-ms="0" started-at="2021-06-03T23:09:07Z" data-provider="getPfTestData" finished-at="2021-06-03T23:09:07Z">
          <exception class="java.lang.RuntimeException">
            <message>
              <![CDATA[java.lang.NullPointerException]]>
            </message>
            <full-stacktrace>
              <![CDATA[java.lang.RuntimeException: java.lang.NullPointerException
	at org.testng.internal.MethodInvocationHelper.invokeMethodNoCheckedException(MethodInvocationHelper.java:49)
	at org.testng.internal.MethodInvocationHelper.invokeDataProvider(MethodInvocationHelper.java:115)
	at org.testng.internal.Parameters.handleParameters(Parameters.java:509)
	at org.testng.internal.Invoker.handleParameters(Invoker.java:1308)
	at org.testng.internal.Invoker.createParameters(Invoker.java:1036)
	at org.testng.internal.Invoker.invokeTestMethods(Invoker.java:1126)
	at org.testng.internal.TestMethodWorker.invokeTestMethods(TestMethodWorker.java:126)
	at org.testng.internal.TestMethodWorker.run(TestMethodWorker.java:109)
	at org.testng.TestRunner.privateRun(TestRunner.java:744)
	at org.testng.TestRunner.run(TestRunner.java:602)
	at org.testng.SuiteRunner.runTest(SuiteRunner.java:380)
	at org.testng.SuiteRunner.runSequentially(SuiteRunner.java:375)
	at org.testng.SuiteRunner.privateRun(SuiteRunner.java:340)
	at org.testng.SuiteRunner.run(SuiteRunner.java:289)
	at org.testng.SuiteRunnerWorker.runSuite(SuiteRunnerWorker.java:52)
	at org.testng.SuiteRunnerWorker.run(SuiteRunnerWorker.java:86)
	at org.testng.TestNG.runSuitesSequentially(TestNG.java:1301)
	at org.testng.TestNG.runSuitesLocally(TestNG.java:1226)
	at org.testng.TestNG.runSuites(TestNG.java:1144)
	at org.testng.TestNG.run(TestNG.java:1115)
	at org.testng.remote.AbstractRemoteTestNG.run(AbstractRemoteTestNG.java:132)
	at org.testng.remote.RemoteTestNG.initAndRun(RemoteTestNG.java:230)
	at org.testng.remote.RemoteTestNG.main(RemoteTestNG.java:76)
Caused by: java.lang.NullPointerException
	at pf.com.qa.util.TestUtil.getTestData(TestUtil.java:38)
	at pf.com.qa.testcases.LoginPageTest.getPfTestData(LoginPageTest.java:60)
	at sun.reflect.NativeMethodAccessorImpl.invoke0(Native Method)
	at sun.reflect.NativeMethodAccessorImpl.invoke(Unknown Source)
	at sun.reflect.DelegatingMethodAccessorImpl.invoke(Unknown Source)
	at java.lang.reflect.Method.invoke(Unknown Source)
	at org.testng.internal.MethodInvocationHelper.invokeMethod(MethodInvocationHelper.java:108)
	at org.testng.internal.MethodInvocationHelper.invokeMethod(MethodInvocationHelper.java:55)
	at org.testng.internal.MethodInvocationHelper.invokeMethodNoCheckedException(MethodInvocationHelper.java:45)
	... 22 more
]]>
            </full-stacktrace>
          </exception> <!-- java.lang.RuntimeException -->
          <reporter-output>
          </reporter-output>
        </test-method> <!-- loginTest -->
        <test-method status="SKIP" signature="loginTestwithEnterbtn(java.lang.String, java.lang.String)[pri:0, instance:pf.com.qa.testcases.LoginPageTest@57baeedf]" name="loginTestwithEnterbtn" duration-ms="0" started-at="2021-06-03T23:09:07Z" data-provider="getPfTestData" finished-at="2021-06-03T23:09:07Z">
          <exception class="java.lang.RuntimeException">
            <message>
              <![CDATA[java.lang.NullPointerException]]>
            </message>
            <full-stacktrace>
              <![CDATA[java.lang.RuntimeException: java.lang.NullPointerException
	at org.testng.internal.MethodInvocationHelper.invokeMethodNoCheckedException(MethodInvocationHelper.java:49)
	at org.testng.internal.MethodInvocationHelper.invokeDataProvider(MethodInvocationHelper.java:115)
	at org.testng.internal.Parameters.handleParameters(Parameters.java:509)
	at org.testng.internal.Invoker.handleParameters(Invoker.java:1308)
	at org.testng.internal.Invoker.createParameters(Invoker.java:1036)
	at org.testng.internal.Invoker.invokeTestMethods(Invoker.java:1126)
	at org.testng.internal.TestMethodWorker.invokeTestMethods(TestMethodWorker.java:126)
	at org.testng.internal.TestMethodWorker.run(TestMethodWorker.java:109)
	at org.testng.TestRunner.privateRun(TestRunner.java:744)
	at org.testng.TestRunner.run(TestRunner.java:602)
	at org.testng.SuiteRunner.runTest(SuiteRunner.java:380)
	at org.testng.SuiteRunner.runSequentially(SuiteRunner.java:375)
	at org.testng.SuiteRunner.privateRun(SuiteRunner.java:340)
	at org.testng.SuiteRunner.run(SuiteRunner.java:289)
	at org.testng.SuiteRunnerWorker.runSuite(SuiteRunnerWorker.java:52)
	at org.testng.SuiteRunnerWorker.run(SuiteRunnerWorker.java:86)
	at org.testng.TestNG.runSuitesSequentially(TestNG.java:1301)
	at org.testng.TestNG.runSuitesLocally(TestNG.java:1226)
	at org.testng.TestNG.runSuites(TestNG.java:1144)
	at org.testng.TestNG.run(TestNG.java:1115)
	at org.testng.remote.AbstractRemoteTestNG.run(AbstractRemoteTestNG.java:132)
	at org.testng.remote.RemoteTestNG.initAndRun(RemoteTestNG.java:230)
	at org.testng.remote.RemoteTestNG.main(RemoteTestNG.java:76)
Caused by: java.lang.NullPointerException
	at pf.com.qa.util.TestUtil.getTestData(TestUtil.java:38)
	at pf.com.qa.testcases.LoginPageTest.getPfTestData(LoginPageTest.java:60)
	at sun.reflect.NativeMethodAccessorImpl.invoke0(Native Method)
	at sun.reflect.NativeMethodAccessorImpl.invoke(Unknown Source)
	at sun.reflect.DelegatingMethodAccessorImpl.invoke(Unknown Source)
	at java.lang.reflect.Method.invoke(Unknown Source)
	at org.testng.internal.MethodInvocationHelper.invokeMethod(MethodInvocationHelper.java:108)
	at org.testng.internal.MethodInvocationHelper.invokeMethod(MethodInvocationHelper.java:55)
	at org.testng.internal.MethodInvocationHelper.invokeMethodNoCheckedException(MethodInvocationHelper.java:45)
	... 22 more
]]>
            </full-stacktrace>
          </exception> <!-- java.lang.RuntimeException -->
          <reporter-output>
          </reporter-output>
        </test-method> <!-- loginTestwithEnterbtn -->
        <test-method status="PASS" signature="pwdboxverifytest()[pri:0, instance:pf.com.qa.testcases.LoginPageTest@57baeedf]" name="pwdboxverifytest" duration-ms="49" started-at="2021-06-03T23:09:12Z" finished-at="2021-06-03T23:09:12Z">
          <reporter-output>
          </reporter-output>
        </test-method> <!-- pwdboxverifytest -->
        <test-method status="PASS" signature="tearDown()[pri:0, instance:pf.com.qa.testcases.LoginPageTest@57baeedf]" name="tearDown" is-config="true" duration-ms="586" started-at="2021-06-03T23:09:12Z" finished-at="2021-06-03T23:09:13Z">
          <reporter-output>
          </reporter-output>
        </test-method> <!-- tearDown -->
        <test-method status="PASS" signature="setUp()[pri:0, instance:pf.com.qa.testcases.LoginPageTest@57baeedf]" name="setUp" is-config="true" duration-ms="5285" started-at="2021-06-03T23:09:13Z" finished-at="2021-06-03T23:09:18Z">
          <reporter-output>
          </reporter-output>
        </test-method> <!-- setUp -->
        <test-method status="PASS" signature="reglinkdispalyedtest()[pri:0, instance:pf.com.qa.testcases.LoginPageTest@57baeedf]" name="reglinkdispalyedtest" duration-ms="89" started-at="2021-06-03T23:09:18Z" finished-at="2021-06-03T23:09:18Z">
          <reporter-output>
          </reporter-output>
        </test-method> <!-- reglinkdispalyedtest -->
        <test-method status="PASS" signature="tearDown()[pri:0, instance:pf.com.qa.testcases.LoginPageTest@57baeedf]" name="tearDown" is-config="true" duration-ms="558" started-at="2021-06-03T23:09:18Z" finished-at="2021-06-03T23:09:19Z">
          <reporter-output>
          </reporter-output>
        </test-method> <!-- tearDown -->
        <test-method status="PASS" signature="setUp()[pri:0, instance:pf.com.qa.testcases.LoginPageTest@57baeedf]" name="setUp" is-config="true" duration-ms="4895" started-at="2021-06-03T23:09:19Z" finished-at="2021-06-03T23:09:24Z">
          <reporter-output>
          </reporter-output>
        </test-method> <!-- setUp -->
        <test-method status="PASS" signature="reglinktexttest()[pri:0, instance:pf.com.qa.testcases.LoginPageTest@57baeedf]" name="reglinktexttest" duration-ms="49" started-at="2021-06-03T23:09:24Z" finished-at="2021-06-03T23:09:24Z">
          <reporter-output>
          </reporter-output>
        </test-method> <!-- reglinktexttest -->
        <test-method status="PASS" signature="tearDown()[pri:0, instance:pf.com.qa.testcases.LoginPageTest@57baeedf]" name="tearDown" is-config="true" duration-ms="914" started-at="2021-06-03T23:09:24Z" finished-at="2021-06-03T23:09:25Z">
          <reporter-output>
          </reporter-output>
        </test-method> <!-- tearDown -->
        <test-method status="PASS" signature="setUp()[pri:0, instance:pf.com.qa.testcases.LoginPageTest@57baeedf]" name="setUp" is-config="true" duration-ms="6607" started-at="2021-06-03T23:09:25Z" finished-at="2021-06-03T23:09:31Z">
          <reporter-output>
          </reporter-output>
        </test-method> <!-- setUp -->
        <test-method status="PASS" signature="signinbtnenabletest()[pri:0, instance:pf.com.qa.testcases.LoginPageTest@57baeedf]" name="signinbtnenabletest" duration-ms="50" started-at="2021-06-03T23:09:31Z" finished-at="2021-06-03T23:09:31Z">
          <reporter-output>
          </reporter-output>
        </test-method> <!-- signinbtnenabletest -->
        <test-method status="PASS" signature="tearDown()[pri:0, instance:pf.com.qa.testcases.LoginPageTest@57baeedf]" name="tearDown" is-config="true" duration-ms="958" started-at="2021-06-03T23:09:31Z" finished-at="2021-06-03T23:09:32Z">
          <reporter-output>
          </reporter-output>
        </test-method> <!-- tearDown -->
      </class> <!-- pf.com.qa.testcases.LoginPageTest -->
    </test> <!-- Default test -->
  </suite> <!-- Default suite -->
</testng-results>
